train rr files ===================
../../data/1jfu.rr ../../data/1wkc.rr ../../data/1nrv.rr ../../data/1tqg.rr ../../data/1h98.rr ../../data/1ne2.rr ../../data/1pko.rr ../../data/2tps.rr ../../data/1jbe.rr ../../data/1cxy.rr ../../data/3bor.rr ../../data/1k6k.rr ../../data/1whi.rr ../../data/1j3a.rr ../../data/1jo0.rr ../../data/1iib.rr ../../data/1czn.rr ../../data/1dix.rr ../../data/1ny1.rr ../../data/1k7c.rr ../../data/1jvw.rr ../../data/1vfy.rr ../../data/1avs.rr ../../data/1dlw.rr ../../data/1t8k.rr ../../data/1d1q.rr ../../data/1h0p.rr ../../data/1fx2.rr ../../data/1cc8.rr ../../data/1ej8.rr ../../data/1vhu.rr ../../data/1d4o.rr ../../data/2hs1.rr ../../data/1lm4.rr ../../data/1jl1.rr ../../data/1fl0.rr ../../data/1hdo.rr ../../data/1hxn.rr ../../data/1jyh.rr ../../data/1jo8.rr ../../data/1m4j.rr ../../data/1d0q.rr ../../data/1c9o.rr ../../data/2vxn.rr ../../data/1vp6.rr ../../data/1xff.rr ../../data/1h2e.rr ../../data/1nb9.rr ../../data/1beb.rr ../../data/1chd.rr ../../data/1gmx.rr ../../data/1jfx.rr ../../data/1c44.rr ../../data/1kq6.rr ../../data/2phy.rr ../../data/1fcy.rr ../../data/1tzv.rr ../../data/1kqr.rr ../../data/1p90.rr ../../data/1mug.rr ../../data/1tqh.rr ../../data/1a6m.rr ../../data/1k7j.rr ../../data/1atz.rr ../../data/1nps.rr ../../data/1qjp.rr ../../data/1o1z.rr ../../data/1bsg.rr ../../data/1beh.rr ../../data/1cke.rr ../../data/1rw7.rr ../../data/1ryb.rr ../../data/1i71.rr ../../data/1lpy.rr ../../data/1roa.rr ../../data/1aap.rr ../../data/1xkr.rr ../../data/1rw1.rr ../../data/1kid.rr ../../data/1ktg.rr ../../data/1vmb.rr ../../data/1hh8.rr ../../data/1htw.rr ../../data/1gz2.rr ../../data/1jkx.rr ../../data/1ihz.rr ../../data/1wjx.rr ../../data/1bkr.rr ../../data/1ej0.rr ../../data/1fvg.rr ../../data/1vjk.rr ../../data/1m8a.rr ../../data/1jwq.rr ../../data/3dqg.rr ../../data/1f6b.rr ../../data/1im5.rr ../../data/1gbs.rr ../../data/1dsx.rr ../../data/1ctf.rr ../../data/1svy.rr ../../data/1ql0.rr ../../data/1iwd.rr ../../data/1dmg.rr ../../data/1guu.rr ../../data/1eaz.rr ../../data/1fvk.rr ../../data/1smx.rr ../../data/1fk5.rr ../../data/1gmi.rr ../../data/1r26.rr ../../data/1qf9.rr ../../data/1fna.rr
test rr files ====================
../../data/1gzc.rr ../../data/1jos.rr ../../data/5ptp.rr ../../data/1dbx.rr ../../data/1lo7.rr ../../data/1w0h.rr ../../data/1aba.rr ../../data/1kw4.rr ../../data/1h4x.rr ../../data/1i1j.rr ../../data/1hfc.rr ../../data/1tif.rr ../../data/1g2r.rr ../../data/2mhr.rr ../../data/1pch.rr ../../data/1bdo.rr ../../data/2cua.rr ../../data/1c52.rr ../../data/1aoe.rr ../../data/1ag6.rr ../../data/1ku3.rr ../../data/1cjw.rr ../../data/1a3a.rr ../../data/1mk0.rr ../../data/1ek0.rr ../../data/1i4j.rr ../../data/1i5g.rr ../../data/1xdz.rr ../../data/1dqg.rr ../../data/2arc.rr ../../data/1fqt.rr ../../data/1jbk.rr ../../data/1a70.rr ../../data/1i58.rr ../../data/1g9o.rr ../../data/1i1n.rr ../../data/1brf.rr ../../data/1atl.rr
Running mini batch with size 500
iteration #0: max delta: 0.007 ==== learning rate was 0.001
iteration #1: max delta: 0.00305855495781 ==== learning rate was 0.001
iteration #2: max delta: 0.00308860900898 ==== learning rate was 0.001
iteration #3: max delta: 0.0159500089825 ==== learning rate was 0.001
iteration #4: max delta: 0.0269278617683 ==== learning rate was 0.001
iteration #5: max delta: 0.0124291087167 ==== learning rate was 0.001
iteration #6: max delta: 0.0085687652789 ==== learning rate was 0.001
iteration #7: max delta: 0.0112810209827 ==== learning rate was 0.001
iteration #8: max delta: 0.0118085387352 ==== learning rate was 0.001
iteration #9: max delta: 0.0091820027985 ==== learning rate was 0.001
iteration #10: max delta: 0.0201199889529 ==== learning rate was 0.001
iteration #11: max delta: 0.0181532275824 ==== learning rate was 0.001
iteration #12: max delta: 0.0163383454199 ==== learning rate was 0.001
iteration #13: max delta: 0.0383868662188 ==== learning rate was 0.001
iteration #14: max delta: 0.0339058813019 ==== learning rate was 0.001
iteration #15: max delta: 0.0335188539626 ==== learning rate was 0.001
iteration #16: max delta: 0.0473561459132 ==== learning rate was 0.001
iteration #17: max delta: 0.0429491558731 ==== learning rate was 0.001
iteration #18: max delta: 0.0426386804179 ==== learning rate was 0.001
iteration #19: max delta: 0.0558250298121 ==== learning rate was 0.001
iteration #20: max delta: 0.0685752595878 ==== learning rate was 0.001
iteration #21: max delta: 0.0759502516656 ==== learning rate was 0.001
iteration #22: max delta: 0.0961486827013 ==== learning rate was 0.001
iteration #23: max delta: 0.0958748580065 ==== learning rate was 0.001
iteration #24: max delta: 0.125210279864 ==== learning rate was 0.001
iteration #25: max delta: 0.102445181762 ==== learning rate was 0.001
iteration #26: max delta: 0.151523548714 ==== learning rate was 0.001
iteration #27: max delta: 0.161424448671 ==== learning rate was 0.001
iteration #28: max delta: 0.180165211721 ==== learning rate was 0.001
iteration #29: max delta: 0.190826256458 ==== learning rate was 0.001
iteration #30: max delta: 0.204816155916 ==== learning rate was 0.001
iteration #31: max delta: 0.197438115199 ==== learning rate was 0.001
iteration #32: max delta: 0.207995386256 ==== learning rate was 0.001
iteration #33: max delta: 0.214509706912 ==== learning rate was 0.001
iteration #34: max delta: 0.225048435031 ==== learning rate was 0.001
iteration #35: max delta: 0.24422777208 ==== learning rate was 0.001
iteration #36: max delta: 0.24868668003 ==== learning rate was 0.001
iteration #37: max delta: 0.24229519997 ==== learning rate was 0.001
iteration #38: max delta: 0.241079278884 ==== learning rate was 0.001
iteration #39: max delta: 0.236464263274 ==== learning rate was 0.001
iteration #40: max delta: 0.240372363277 ==== learning rate was 0.001
iteration #41: max delta: 0.249089911476 ==== learning rate was 0.001
iteration #42: max delta: 0.248629806921 ==== learning rate was 0.001
iteration #43: max delta: 0.265036821585 ==== learning rate was 0.001
iteration #44: max delta: 0.246306419322 ==== learning rate was 0.001
iteration #45: max delta: 0.23950862021 ==== learning rate was 0.001
iteration #46: max delta: 0.251627379785 ==== learning rate was 0.001
iteration #47: max delta: 0.228730630955 ==== learning rate was 0.001
iteration #48: max delta: 0.250811238773 ==== learning rate was 0.001
iteration #49: max delta: 0.244859862975 ==== learning rate was 0.001
iteration #50: max delta: 0.256899913465 ==== learning rate was 0.001
iteration #51: max delta: 0.242930268844 ==== learning rate was 0.001
iteration #52: max delta: 0.230946993645 ==== learning rate was 0.001
iteration #53: max delta: 0.260961957803 ==== learning rate was 0.001
iteration #54: max delta: 0.262973416618 ==== learning rate was 0.001
iteration #55: max delta: 0.218980321378 ==== learning rate was 0.001
iteration #56: max delta: 0.227985596586 ==== learning rate was 0.001
iteration #57: max delta: 0.246989270321 ==== learning rate was 0.001
iteration #58: max delta: 0.265992374742 ==== learning rate was 0.001
iteration #59: max delta: 0.229994659084 ==== learning rate was 0.001
iteration #60: max delta: 0.228996049247 ==== learning rate was 0.001
iteration #61: max delta: 0.254997054852 ==== learning rate was 0.001
iteration #62: max delta: 0.253997854909 ==== learning rate was 0.001
iteration #63: max delta: 0.245998508419 ==== learning rate was 0.001
iteration #64: max delta: 0.241998885216 ==== learning rate was 0.001
iteration #65: max delta: 0.251999145088 ==== learning rate was 0.001
iteration #66: max delta: 0.235999418878 ==== learning rate was 0.001
iteration #67: max delta: 0.251999586695 ==== learning rate was 0.001
iteration #68: max delta: 0.255999685361 ==== learning rate was 0.001
iteration #69: max delta: 0.230999781364 ==== learning rate was 0.001
iteration #70: max delta: 0.222999831255 ==== learning rate was 0.001
iteration #71: max delta: 0.249999872695 ==== learning rate was 0.001
iteration #72: max delta: 0.250999911467 ==== learning rate was 0.001
iteration #73: max delta: 0.248999936614 ==== learning rate was 0.001
iteration #74: max delta: 0.249999955879 ==== learning rate was 0.001
iteration #75: max delta: 0.260999967089 ==== learning rate was 0.001
iteration #76: max delta: 0.242999978124 ==== learning rate was 0.001
iteration #77: max delta: 0.241999983438 ==== learning rate was 0.001
iteration #78: max delta: 0.217999987954 ==== learning rate was 0.001
iteration #79: max delta: 0.264999991601 ==== learning rate was 0.001
iteration #80: max delta: 0.241999993394 ==== learning rate was 0.001
iteration #81: max delta: 0.254999995119 ==== learning rate was 0.001
iteration #82: max delta: 0.27299999634 ==== learning rate was 0.001
iteration #83: max delta: 0.251999997449 ==== learning rate was 0.001
iteration #84: max delta: 0.234999998038 ==== learning rate was 0.001
iteration #85: max delta: 0.238999998588 ==== learning rate was 0.001
iteration #86: max delta: 0.258999999037 ==== learning rate was 0.001
iteration #87: max delta: 0.260999999222 ==== learning rate was 0.001
iteration #88: max delta: 0.238999999514 ==== learning rate was 0.001
iteration #89: max delta: 0.250999999635 ==== learning rate was 0.001
iteration #90: max delta: 0.263999999764 ==== learning rate was 0.001
iteration #91: max delta: 0.248999999812 ==== learning rate was 0.001
iteration #92: max delta: 0.252999999869 ==== learning rate was 0.001
iteration #93: max delta: 0.251999999904 ==== learning rate was 0.001
iteration #94: max delta: 0.238999999918 ==== learning rate was 0.001
iteration #95: max delta: 0.245999999952 ==== learning rate was 0.001
iteration #96: max delta: 0.261999999963 ==== learning rate was 0.001
iteration #97: max delta: 0.226999999972 ==== learning rate was 0.001
iteration #98: max delta: 0.258999999982 ==== learning rate was 0.001
iteration #99: max delta: 0.246999999986 ==== learning rate was 0.001
iteration #100: max delta: 0.240999999987 ==== learning rate was 0.001
iteration #101: max delta: 0.256999999993 ==== learning rate was 0.001
iteration #102: max delta: 0.268999999993 ==== learning rate was 0.001
iteration #103: max delta: 0.234999999996 ==== learning rate was 0.001
